d:\mycode\mynormalcpluscode\multithreadingwinntcode\debug\vc141.pdb
d:\mycode\mynormalcpluscode\multithreadingwinntcode\debug\vc141.idb
d:\mycode\mynormalcpluscode\multithreadingwinntcode\debug\test09_mutex.obj
d:\mycode\mynormalcpluscode\multithreadingwinntcode\debug\test08_semaphore.obj
d:\mycode\mynormalcpluscode\multithreadingwinntcode\debug\test07_deadlock.obj
d:\mycode\mynormalcpluscode\multithreadingwinntcode\debug\test06_criticalsection.obj
d:\mycode\mynormalcpluscode\multithreadingwinntcode\debug\test05_simulatetrainticketsale.obj
d:\mycode\mynormalcpluscode\multithreadingwinntcode\debug\test04_safeprocessthread.obj
d:\mycode\mynormalcpluscode\multithreadingwinntcode\debug\test03_threadbase_exitandwait.obj
d:\mycode\mynormalcpluscode\multithreadingwinntcode\debug\test02_threadbase_exitandwait.obj
d:\mycode\mynormalcpluscode\multithreadingwinntcode\debug\test01_threadbase_create.obj
d:\mycode\mynormalcpluscode\multithreadingwinntcode\debug\test10_event.obj
d:\mycode\mynormalcpluscode\debug\multithreadingwinntcode.exe
d:\mycode\mynormalcpluscode\debug\multithreadingwinntcode.ilk
d:\mycode\mynormalcpluscode\debug\multithreadingwinntcode.pdb
d:\mycode\mynormalcpluscode\multithreadingwinntcode\debug\multithr.364a1361.tlog\cl.command.1.tlog
d:\mycode\mynormalcpluscode\multithreadingwinntcode\debug\multithr.364a1361.tlog\cl.read.1.tlog
d:\mycode\mynormalcpluscode\multithreadingwinntcode\debug\multithr.364a1361.tlog\cl.write.1.tlog
d:\mycode\mynormalcpluscode\multithreadingwinntcode\debug\multithr.364a1361.tlog\link.command.1.tlog
d:\mycode\mynormalcpluscode\multithreadingwinntcode\debug\multithr.364a1361.tlog\link.read.1.tlog
d:\mycode\mynormalcpluscode\multithreadingwinntcode\debug\multithr.364a1361.tlog\link.write.1.tlog
